2023-10-22 10:56:48.850 - DBeaver 23.2.2.202310151102 is starting
2023-10-22 10:56:48.850 - OS: Linux 6.5.7-arch1-1 (amd64)
2023-10-22 10:56:48.850 - Java version: 21 by N/A (64bit)
2023-10-22 10:56:48.850 - Install path: '/usr/lib/dbeaver'
2023-10-22 10:56:48.850 - Instance path: 'file:/home/duc/.local/share/DBeaverData/workspace6/'
2023-10-22 10:56:48.850 - Memory available 66Mb/1024Mb
2023-10-22 10:56:48.856 - Create display
2023-10-22 10:56:48.885 - Initializing DBeaver 23.2.2
2023-10-22 10:56:48.886 - Host plugin: org.jkiss.dbeaver.ui.app.standalone 23.2.2.202310151102
2023-10-22 10:56:48.886 - Initialize desktop platform...
2023-10-22 10:56:48.937 - BounceCastle bundle found. Use JCE provider BC
> Start Core File Systems [org.eclipse.core.filesystem 1.10.0.v20230425-0513]
> Start Core Resource Management [org.eclipse.core.resources 3.19.0.v20230510-1240]
> Start Team Support Core [org.eclipse.team.core 3.10.0.v20230317-0901]
> Start DBeaver UI Navigator [org.jkiss.dbeaver.ui.navigator 1.0.116.202310151102]
2023-10-22 10:56:49.000 - Initialize base platform...
2023-10-22 10:56:49.008 - Platform initialized (122ms)
> Start DBeaver UI Editors - Base [org.jkiss.dbeaver.ui.editors.base 1.0.116.202310151102]
2023-10-22 10:56:49.016 - Starting instance server at http://localhost:44623
2023-10-22 10:56:49.018 - Run workbench
> Start DBeaver UI [org.jkiss.dbeaver.ui 5.1.131.202310151102]
> Start Eclipse e4 Workbench SWT [org.eclipse.e4.ui.workbench.swt 0.17.0.v20230501-1823]
> Start Eclipse Application Services [org.eclipse.e4.core.services 2.4.0.v20230429-1914]
> Start Eclipse UI Application Services [org.eclipse.e4.ui.services 1.6.0.v20230501-1823]
> Start Eclipse e4 Progress View [org.eclipse.e4.ui.progress 0.4.0.v20230501-1823]
> Start Eclipse Bindings Support [org.eclipse.e4.ui.bindings 0.14.0.v20230501-1823]
> Start Eclipse e4 core commands [org.eclipse.e4.core.commands 1.1.0.v20230501-1823]
> Start EMF XML/XMI Persistence [org.eclipse.emf.ecore.xmi 2.18.0.v20230211-1150]
> Start Eclipse CSS SWT Theme Support [org.eclipse.e4.ui.css.swt.theme 0.14.0.v20230501-1533]
> Start Eclipse e4 Workbench Add-ons [org.eclipse.e4.ui.workbench.addons.swt 1.5.0.v20230501-1823]
> Start Eclipse e4 Workbench SWT Renderer [org.eclipse.e4.ui.workbench.renderers.swt 0.16.0.v20230525-0648]
> Start Eclipse Dependency Injection Extensions [org.eclipse.e4.core.di.extensions 0.18.0.v20230429-1914]
> Start Eclipse CSS SWT Support [org.eclipse.e4.ui.css.swt 0.15.0.v20230317-0802]
2023-10-22 10:56:49.576 - Configure workbench window
> Start DBeaver SQL Model [org.jkiss.dbeaver.model.sql 1.0.106.202310151102]
2023-10-22 10:56:49.621 - Total database drivers: 107 (107)
> Start Help System Core [org.eclipse.help 3.10.0.v20230317-0802]
2023-10-22 10:56:49.646 - Create actions
2023-10-22 10:56:49.649 - Disable Eclipse action set 'org.eclipse.ui.edit.text.actionSet.annotationNavigation'
2023-10-22 10:56:49.649 - Disable Eclipse action set 'org.eclipse.ui.WorkingSetActionSet'
2023-10-22 10:56:49.649 - Disable Eclipse action set 'org.eclipse.ui.actionSet.openFiles'
2023-10-22 10:56:49.822 - Initialize workbench window
2023-10-22 10:56:49.825 - Finish initialization
> Start Default Text Editor [org.eclipse.ui.editors 3.16.0.v20230329-1609]
> Start Text Editor Framework [org.eclipse.ui.workbench.texteditor 3.17.0.v20230316-1200]
Warning: NLS missing message: pref_page_content_editor_group_representation_content in: org.jkiss.dbeaver.ui.controls.resultset.internal.ResultSetMessages
> Start DBeaver UI Editors - Data [org.jkiss.dbeaver.ui.editors.data 1.0.116.202310151102]
> Start DBeaver UI Editors - SQL [org.jkiss.dbeaver.ui.editors.sql 1.0.116.202310151102]
> Start DBeaver SQL Terminal [org.jkiss.dbeaver.ui.editors.sql.terminal 1.0.92.202310151102]
> Start Core Compare Support [org.eclipse.compare.core 3.8.0.v20230517-1315]
> Start jna [com.sun.jna 5.13.0]
> Start Internet Connection Management UI [org.eclipse.ui.net 1.5.0.v20230317-0901]
> Start Internet Connection Management [org.eclipse.core.net 1.5.0.v20230317-0901]
> Start DBeaver Sample Database [org.jkiss.dbeaver.ext.sample.database 1.0.153.202310151102]
> Start DBeaver Tip of the day [org.jkiss.dbeaver.ext.ui.tipoftheday 1.0.122.202310151102]
> Start GEF Classic Draw2d [org.eclipse.draw2d 3.13.0.202306071707]
> Start GEF Classic GEF (MVC) [org.eclipse.gef 3.14.0.202306071707]
> Start DBeaver ERD UI [org.jkiss.dbeaver.erd.ui 3.0.76.202310151102]
> Start DBeaver ERD Model [org.jkiss.dbeaver.erd.model 1.0.76.202310151102]
> Start Console [org.eclipse.ui.console 3.12.0.v20230317-0802]
> Start Debug Core [org.eclipse.debug.core 3.21.0.v20230508-1538]
2023-10-22 10:56:50.450 - Connect with 'bkstrings_sample' (postgres-jdbc-18b3b70e5fb-3706c7558bb5e92)
> Start DBeaver JDBC Model [org.jkiss.dbeaver.model.jdbc 1.0.9.202310151102]
> Start DBeaver PostgreSQL Model [org.jkiss.dbeaver.ext.postgresql 2.1.189.202310151102]
> Start DBeaver GIS Support [org.jkiss.dbeaver.data.gis 1.0.140.202310151102]
2023-10-22 10:56:50.475 - Execution context opened (bkstrings_sample; Main <bksearch_sample>; 0)
2023-10-22 10:56:50.476 - Initiate connection to PostgreSQL database [bksearch_sample@localhost] for Main <bksearch_sample>
2023-10-22 10:56:50.527 - Execution context opened (bkstrings_sample; Metadata <bksearch_sample>; 1)
2023-10-22 10:56:50.527 - Initiate connection to PostgreSQL database [bksearch_sample@localhost] for Metadata <bksearch_sample>
2023-10-22 10:56:50.546 - Connected (postgres-jdbc-18b3b70e5fb-3706c7558bb5e92, PostgreSQL JDBC Driver [42.5.2])
2023-10-22 10:56:50.555 - Execution context opened (bkstrings_sample; SQLEditor <Script-1.sql>; 2)
2023-10-22 10:56:50.556 - Initiate connection to PostgreSQL database [bksearch_sample@localhost] for SQLEditor <Script-1.sql>
2023-10-22 10:56:53.190 - Open [https://dbeaver.io/product/version.xml]
2023-10-22 11:16:24.853 - Can't get column 'arg_defaults': The column name arg_defaults was not found in this ResultSet.
2023-10-22 11:16:24.853 - Can't get column 'description': The column name description was not found in this ResultSet.
