[INFO  Mon 16 Oct 2023 10:50:56 +07] ...e/nvim/lazy/mason.nvim/lua/mason-core/installer/init.lua:184: Executing installer for Package(name=lua-language-server) {}
[INFO  Mon 16 Oct 2023 10:50:56 +07] ...e/nvim/lazy/mason.nvim/lua/mason-core/installer/init.lua:184: Executing installer for Package(name=stylua) {}
[INFO  Mon 16 Oct 2023 10:50:56 +07] ...e/nvim/lazy/mason.nvim/lua/mason-core/installer/init.lua:184: Executing installer for Package(name=css-lsp) {}
[INFO  Mon 16 Oct 2023 10:50:56 +07] ...e/nvim/lazy/mason.nvim/lua/mason-core/installer/init.lua:184: Executing installer for Package(name=html-lsp) {}
[INFO  Mon 16 Oct 2023 10:50:56 +07] ...e/nvim/lazy/mason.nvim/lua/mason-core/installer/init.lua:184: Executing installer for Package(name=typescript-language-server) {}
[INFO  Mon 16 Oct 2023 10:50:56 +07] ...e/nvim/lazy/mason.nvim/lua/mason-core/installer/init.lua:184: Executing installer for Package(name=deno) {}
[INFO  Mon 16 Oct 2023 10:50:56 +07] ...e/nvim/lazy/mason.nvim/lua/mason-core/installer/init.lua:184: Executing installer for Package(name=prettier) {}
[INFO  Mon 16 Oct 2023 10:50:56 +07] ...e/nvim/lazy/mason.nvim/lua/mason-core/installer/init.lua:184: Executing installer for Package(name=clangd) {}
[INFO  Mon 16 Oct 2023 10:50:56 +07] ...e/nvim/lazy/mason.nvim/lua/mason-core/installer/init.lua:184: Executing installer for Package(name=clang-format) {}
[INFO  Mon 16 Oct 2023 10:50:58 +07] ...e/nvim/lazy/mason.nvim/lua/mason-core/installer/init.lua:245: Installation succeeded for Package(name=prettier)
[INFO  Mon 16 Oct 2023 10:51:01 +07] ...e/nvim/lazy/mason.nvim/lua/mason-core/installer/init.lua:245: Installation succeeded for Package(name=typescript-language-server)
[INFO  Mon 16 Oct 2023 10:51:02 +07] ...e/nvim/lazy/mason.nvim/lua/mason-core/installer/init.lua:245: Installation succeeded for Package(name=lua-language-server)
[INFO  Mon 16 Oct 2023 10:51:03 +07] ...e/nvim/lazy/mason.nvim/lua/mason-core/installer/init.lua:245: Installation succeeded for Package(name=clang-format)
[INFO  Mon 16 Oct 2023 10:51:05 +07] ...e/nvim/lazy/mason.nvim/lua/mason-core/installer/init.lua:245: Installation succeeded for Package(name=css-lsp)
[INFO  Mon 16 Oct 2023 10:51:06 +07] ...e/nvim/lazy/mason.nvim/lua/mason-core/installer/init.lua:245: Installation succeeded for Package(name=html-lsp)
[INFO  Mon 16 Oct 2023 10:51:06 +07] ...e/nvim/lazy/mason.nvim/lua/mason-core/installer/init.lua:245: Installation succeeded for Package(name=stylua)
[INFO  Mon 16 Oct 2023 10:51:16 +07] ...e/nvim/lazy/mason.nvim/lua/mason-core/installer/init.lua:245: Installation succeeded for Package(name=deno)
[INFO  Mon 16 Oct 2023 10:51:19 +07] ...e/nvim/lazy/mason.nvim/lua/mason-core/installer/init.lua:245: Installation succeeded for Package(name=clangd)
[INFO  Tue 17 Oct 2023 11:12:32 +07] ...e/nvim/lazy/mason.nvim/lua/mason-core/installer/init.lua:184: Executing installer for Package(name=gofumpt) {}
[INFO  Tue 17 Oct 2023 11:12:35 +07] ...e/nvim/lazy/mason.nvim/lua/mason-core/installer/init.lua:245: Installation succeeded for Package(name=gofumpt)
[INFO  Tue 17 Oct 2023 11:12:38 +07] ...e/nvim/lazy/mason.nvim/lua/mason-core/installer/init.lua:184: Executing installer for Package(name=goimports) {}
[INFO  Tue 17 Oct 2023 11:12:40 +07] ...e/nvim/lazy/mason.nvim/lua/mason-core/installer/init.lua:245: Installation succeeded for Package(name=goimports)
[INFO  Tue 17 Oct 2023 11:12:42 +07] ...e/nvim/lazy/mason.nvim/lua/mason-core/installer/init.lua:184: Executing installer for Package(name=gospel) {}
[ERROR Tue 17 Oct 2023 11:12:46 +07] ...e/nvim/lazy/mason.nvim/lua/mason-core/installer/init.lua:249: Installation failed for Package(name=gospel) error=spawn: go failed with exit code 1 and signal 0. 
[INFO  Tue 17 Oct 2023 11:12:47 +07] ...e/nvim/lazy/mason.nvim/lua/mason-core/installer/init.lua:184: Executing installer for Package(name=gopls) {}
[INFO  Tue 17 Oct 2023 11:12:48 +07] ...e/nvim/lazy/mason.nvim/lua/mason-core/installer/init.lua:245: Installation succeeded for Package(name=gopls)
[INFO  Tue 17 Oct 2023 11:12:55 +07] ...e/nvim/lazy/mason.nvim/lua/mason-core/installer/init.lua:184: Executing installer for Package(name=goimports-reviser) {}
[INFO  Tue 17 Oct 2023 11:12:57 +07] ...e/nvim/lazy/mason.nvim/lua/mason-core/installer/init.lua:245: Installation succeeded for Package(name=goimports-reviser)
[INFO  Tue 17 Oct 2023 11:13:05 +07] ...e/nvim/lazy/mason.nvim/lua/mason-core/installer/init.lua:184: Executing installer for Package(name=golangci-lint-langserver) {}
[INFO  Tue 17 Oct 2023 11:13:06 +07] ...e/nvim/lazy/mason.nvim/lua/mason-core/installer/init.lua:245: Installation succeeded for Package(name=golangci-lint-langserver)
[INFO  Tue 17 Oct 2023 11:13:25 +07] ...e/nvim/lazy/mason.nvim/lua/mason-core/installer/init.lua:184: Executing installer for Package(name=pylint) {}
[INFO  Tue 17 Oct 2023 11:13:28 +07] ...e/nvim/lazy/mason.nvim/lua/mason-core/installer/init.lua:184: Executing installer for Package(name=python-lsp-server) {}
[INFO  Tue 17 Oct 2023 11:13:29 +07] ...e/nvim/lazy/mason.nvim/lua/mason-core/installer/init.lua:245: Installation succeeded for Package(name=pylint)
[INFO  Tue 17 Oct 2023 11:13:35 +07] ...e/nvim/lazy/mason.nvim/lua/mason-core/installer/init.lua:245: Installation succeeded for Package(name=python-lsp-server)
[INFO  Tue 17 Oct 2023 11:13:40 +07] ...e/nvim/lazy/mason.nvim/lua/mason-core/installer/init.lua:184: Executing installer for Package(name=rust-analyzer) {}
[INFO  Tue 17 Oct 2023 11:13:43 +07] ...e/nvim/lazy/mason.nvim/lua/mason-core/installer/init.lua:245: Installation succeeded for Package(name=rust-analyzer)
[INFO  Tue 17 Oct 2023 11:13:57 +07] ...e/nvim/lazy/mason.nvim/lua/mason-core/installer/init.lua:184: Executing installer for Package(name=sourcery) {}
[INFO  Tue 17 Oct 2023 11:14:33 +07] ...e/nvim/lazy/mason.nvim/lua/mason-core/installer/init.lua:245: Installation succeeded for Package(name=sourcery)
[INFO  Tue 17 Oct 2023 21:43:23 +07] ...e/nvim/lazy/mason.nvim/lua/mason-core/installer/init.lua:184: Executing installer for Package(name=sql-formatter) {}
[INFO  Tue 17 Oct 2023 21:43:24 +07] ...e/nvim/lazy/mason.nvim/lua/mason-core/installer/init.lua:184: Executing installer for Package(name=sqlfluff) {}
[INFO  Tue 17 Oct 2023 21:43:25 +07] ...e/nvim/lazy/mason.nvim/lua/mason-core/installer/init.lua:184: Executing installer for Package(name=sqlfmt) {}
[INFO  Tue 17 Oct 2023 21:43:26 +07] ...e/nvim/lazy/mason.nvim/lua/mason-core/installer/init.lua:184: Executing installer for Package(name=spectral-language-server) {}
[INFO  Tue 17 Oct 2023 21:43:26 +07] ...e/nvim/lazy/mason.nvim/lua/mason-core/installer/init.lua:245: Installation succeeded for Package(name=sql-formatter)
[INFO  Tue 17 Oct 2023 21:43:27 +07] ...e/nvim/lazy/mason.nvim/lua/mason-core/installer/init.lua:184: Executing installer for Package(name=sqlls) {}
[INFO  Tue 17 Oct 2023 21:43:27 +07] ...e/nvim/lazy/mason.nvim/lua/mason-core/installer/init.lua:184: Executing installer for Package(name=sqls) {}
[INFO  Tue 17 Oct 2023 21:43:29 +07] ...e/nvim/lazy/mason.nvim/lua/mason-core/installer/init.lua:245: Installation succeeded for Package(name=sqlfmt)
[INFO  Tue 17 Oct 2023 21:43:30 +07] ...e/nvim/lazy/mason.nvim/lua/mason-core/installer/init.lua:245: Installation succeeded for Package(name=sqlfluff)
[INFO  Tue 17 Oct 2023 21:43:56 +07] ...e/nvim/lazy/mason.nvim/lua/mason-core/installer/init.lua:245: Installation succeeded for Package(name=sqls)
[INFO  Tue 17 Oct 2023 21:44:01 +07] ...e/nvim/lazy/mason.nvim/lua/mason-core/installer/init.lua:245: Installation succeeded for Package(name=spectral-language-server)
[INFO  Tue 17 Oct 2023 21:44:12 +07] ...e/nvim/lazy/mason.nvim/lua/mason-core/installer/init.lua:245: Installation succeeded for Package(name=sqlls)
