2023-11-09 10:24:43.552 [info] Extension host with pid 14887 started
2023-11-09 10:24:43.565 [info] ExtensionService#_doActivateExtension vscode.emmet, startup: false, activationEvent: 'onLanguage'
2023-11-09 10:24:43.587 [info] ExtensionService#_doActivateExtension vscode.git-base, startup: true, activationEvent: '*'
2023-11-09 10:24:43.591 [info] ExtensionService#_doActivateExtension vscode.github, startup: true, activationEvent: '*'
2023-11-09 10:24:43.615 [info] Eager extensions activated
2023-11-09 10:24:43.623 [info] ExtensionService#_doActivateExtension vscode.debug-auto-launch, startup: false, activationEvent: 'onStartupFinished'
2023-11-09 10:24:43.624 [info] ExtensionService#_doActivateExtension vscode.merge-conflict, startup: false, activationEvent: 'onStartupFinished'
2023-11-09 10:25:19.696 [info] Extension host terminating: renderer closed the MessagePort
2023-11-09 10:25:19.702 [info] Extension host with pid 14887 exiting with code 0
2023-11-09 10:25:20.088 [info] Extension host with pid 15146 started
2023-11-09 10:25:20.088 [info] Skipping acquiring lock for /home/duc/.config/Code/User/workspaceStorage/ec192747373b6615e3395398bfab4ec0.
2023-11-09 10:25:20.093 [info] ExtensionService#_doActivateExtension vscode.git-base, startup: true, activationEvent: '*'
2023-11-09 10:25:20.096 [info] ExtensionService#_doActivateExtension vscode.github, startup: true, activationEvent: '*'
2023-11-09 10:25:20.103 [info] Eager extensions activated
2023-11-09 10:25:20.134 [info] ExtensionService#_doActivateExtension vscode.debug-auto-launch, startup: false, activationEvent: 'onStartupFinished'
2023-11-09 10:25:20.135 [info] ExtensionService#_doActivateExtension vscode.merge-conflict, startup: false, activationEvent: 'onStartupFinished'
2023-11-09 10:25:21.243 [info] ExtensionService#_doActivateExtension vscode.git, startup: false, activationEvent: 'api', root cause: vscode.github
2023-11-09 10:25:21.440 [info] ExtensionService#_doActivateExtension vscode.github-authentication, startup: false, activationEvent: 'onAuthenticationRequest:github'
2023-11-09 10:25:47.139 [info] ExtensionService#_doActivateExtension vscode.json-language-features, startup: false, activationEvent: 'onLanguage:jsonc'
2023-11-09 10:25:47.174 [info] ExtensionService#_doActivateExtension vscode.typescript-language-features, startup: false, activationEvent: 'onLanguage:jsonc'
2023-11-09 10:25:47.208 [info] ExtensionService#_doActivateExtension vscode.emmet, startup: false, activationEvent: 'onLanguage'
2023-11-09 10:25:47.711 [info] ExtensionService#_doActivateExtension vscode.npm, startup: false, activationEvent: 'onTerminalQuickFixRequest:ms-vscode.npm-command'
2023-11-09 10:46:43.961 [warning] [Decorations] CAPPING events from decorations provider vscode.git 4591
2023-11-09 10:46:50.970 [warning] [Decorations] CAPPING events from decorations provider vscode.git 4591
