2023-10-18 10:42:26.077 [info] Log level: Info
2023-10-18 10:42:26.078 [info] Validating found git in: "git"
2023-10-18 10:42:26.078 [info] Using git "2.42.0" from "git"
2023-10-18 10:42:26.078 [info] > git rev-parse --show-toplevel [1ms]
2023-10-18 10:42:26.078 [info] fatal: not a git repository (or any of the parent directories): .git
2023-10-18 10:42:26.078 [info] > git rev-parse --show-toplevel [0ms]
2023-10-18 10:42:26.078 [info] fatal: not a git repository (or any of the parent directories): .git
2023-10-18 10:42:26.223 [info] > git rev-parse --show-toplevel [0ms]
2023-10-18 10:42:26.223 [info] fatal: not a git repository (or any of the parent directories): .git
2023-10-18 10:42:26.252 [info] > git rev-parse --show-toplevel [1ms]
2023-10-18 10:42:26.252 [info] fatal: not a git repository (or any of the parent directories): .git
2023-10-18 10:42:26.386 [info] > git rev-parse --show-toplevel [0ms]
2023-10-18 10:42:26.386 [info] fatal: not a git repository (or any of the parent directories): .git
2023-10-18 10:42:27.283 [info] > git rev-parse --show-toplevel [0ms]
2023-10-18 10:42:27.283 [info] fatal: not a git repository (or any of the parent directories): .git
2023-10-18 10:42:36.220 [info] > git rev-parse --show-toplevel [1ms]
2023-10-18 10:42:36.220 [info] fatal: not a git repository (or any of the parent directories): .git
2023-10-18 10:54:19.039 [info] > git rev-parse --show-toplevel [1ms]
2023-10-18 10:54:19.039 [info] fatal: not a git repository (or any of the parent directories): .git
2023-10-18 10:54:25.463 [info] > git rev-parse --show-toplevel [1ms]
2023-10-18 10:54:25.463 [info] fatal: not a git repository (or any of the parent directories): .git
2023-10-18 10:54:53.795 [info] > git rev-parse --show-toplevel [1ms]
2023-10-18 10:54:53.795 [info] fatal: not a git repository (or any of the parent directories): .git
