2023-11-09 10:25:21.472 [info] Reading sessions from keychain...
2023-11-09 10:25:21.472 [info] Getting sessions for all scopes...
2023-11-09 10:25:21.472 [info] Got 0 sessions for ...
2023-11-09 10:25:21.472 [info] Getting sessions for read:user,repo,user:email,workflow...
2023-11-09 10:25:21.472 [info] Got 0 sessions for read:user,repo,user:email,workflow...
2023-11-09 10:25:21.475 [info] Getting sessions for all scopes...
2023-11-09 10:25:21.475 [info] Got 0 sessions for ...
2023-11-09 10:25:36.543 [info] Getting sessions for read:user,repo,user:email,workflow...
2023-11-09 10:25:36.543 [info] Got 0 sessions for read:user,repo,user:email,workflow...
2023-11-09 10:25:38.253 [info] Logging in for the following scopes: read:user repo user:email workflow
2023-11-09 10:25:38.258 [info] Trying without local server... (read:user repo user:email workflow)
2023-11-09 10:25:42.086 [info] Exchanging code for token...
2023-11-09 10:25:42.518 [info] Token exchange success!
2023-11-09 10:25:42.520 [info] Getting user info...
2023-11-09 10:25:42.982 [info] Got account info!
2023-11-09 10:25:42.983 [info] Storing 1 sessions...
2023-11-09 10:25:47.210 [info] Reading sessions from keychain...
2023-11-09 10:25:47.210 [info] Stored 1 sessions!
2023-11-09 10:25:47.211 [info] Login success!
2023-11-09 10:25:47.229 [info] Got stored sessions!
2023-11-09 10:25:47.229 [info] Got 1 verified sessions.
2023-11-09 10:25:47.728 [info] Getting sessions for read:user,repo,user:email,workflow...
2023-11-09 10:25:47.728 [info] Got 1 sessions for read:user,repo,user:email,workflow...
2023-11-09 10:25:58.465 [info] Getting sessions for read:user,repo,user:email,workflow...
2023-11-09 10:25:58.465 [info] Got 1 sessions for read:user,repo,user:email,workflow...
2023-11-09 10:46:33.484 [info] Getting sessions for read:user,repo,user:email,workflow...
2023-11-09 10:46:33.484 [info] Got 1 sessions for read:user,repo,user:email,workflow...
