2023-11-09 10:25:21.307 [info] Log level: Info
2023-11-09 10:25:21.307 [info] Validating found git in: "git"
2023-11-09 10:25:21.307 [info] Using git "2.42.0" from "git"
2023-11-09 10:25:21.307 [info] > git rev-parse --show-toplevel [2ms]
2023-11-09 10:25:21.307 [info] > git rev-parse --git-dir --git-common-dir [1ms]
2023-11-09 10:25:21.307 [info] Open repository: /home/duc/dotfiles
2023-11-09 10:25:21.311 [info] > git rev-parse --show-toplevel [1ms]
2023-11-09 10:25:21.312 [info] > git config --get commit.template [2ms]
2023-11-09 10:25:21.316 [info] > git rev-parse --show-toplevel [2ms]
2023-11-09 10:25:21.316 [info] > git for-each-ref --format=%(refname)%00%(upstream:short)%00%(objectname)%00%(upstream:track)%00%(upstream:remotename)%00%(upstream:remoteref) refs/heads/hyprland refs/remotes/hyprland [1ms]
2023-11-09 10:25:21.320 [info] > git rev-parse --show-toplevel [0ms]
2023-11-09 10:25:21.322 [info] > git rev-parse --show-toplevel [0ms]
2023-11-09 10:25:21.326 [info] > git rev-parse --show-toplevel [1ms]
2023-11-09 10:25:21.434 [info] > git status -z -uall [116ms]
2023-11-09 10:25:21.460 [info] > git config --get commit.template [21ms]
2023-11-09 10:25:21.460 [info] > git for-each-ref --format=%(refname)%00%(upstream:short)%00%(objectname)%00%(upstream:track)%00%(upstream:remotename)%00%(upstream:remoteref) refs/heads/hyprland refs/remotes/hyprland [0ms]
2023-11-09 10:25:21.578 [info] > git status -z -uall [116ms]
2023-11-09 10:25:21.822 [info] > git check-ignore -v -z --stdin [7ms]
2023-11-09 10:26:08.397 [info] > git config --get commit.template [11ms]
2023-11-09 10:26:08.398 [info] > git for-each-ref --format=%(refname)%00%(upstream:short)%00%(objectname)%00%(upstream:track)%00%(upstream:remotename)%00%(upstream:remoteref) refs/heads/hyprland refs/remotes/hyprland [4ms]
2023-11-09 10:26:08.735 [info] > git status -z -uall [329ms]
2023-11-09 10:26:22.134 [info] > git config --get commit.template [8ms]
2023-11-09 10:26:22.135 [info] > git for-each-ref --format=%(refname)%00%(upstream:short)%00%(objectname)%00%(upstream:track)%00%(upstream:remotename)%00%(upstream:remoteref) refs/heads/hyprland refs/remotes/hyprland [2ms]
2023-11-09 10:26:22.459 [info] > git status -z -uall [316ms]
2023-11-09 10:46:30.367 [info] > git config --get commit.template [9ms]
2023-11-09 10:46:30.368 [info] > git for-each-ref --format=%(refname)%00%(upstream:short)%00%(objectname)%00%(upstream:track)%00%(upstream:remotename)%00%(upstream:remoteref) refs/heads/hyprland refs/remotes/hyprland [2ms]
2023-11-09 10:46:30.634 [info] > git status -z -uall [264ms]
2023-11-09 10:46:43.607 [info] > git check-ignore -v -z --stdin [1ms]
2023-11-09 10:46:43.875 [info] > git config --get commit.template [1ms]
2023-11-09 10:46:43.877 [info] > git for-each-ref --format %(refname) %(objectname) %(*objectname) refs/tags [0ms]
2023-11-09 10:46:43.936 [info] > git status -z -uall [57ms]
2023-11-09 10:46:49.957 [info] > git check-ignore -v -z --stdin [7ms]
2023-11-09 10:46:50.333 [info] > git config --get commit.template [1ms]
2023-11-09 10:46:50.336 [info] > git for-each-ref --format=%(refname)%00%(upstream:short)%00%(objectname)%00%(upstream:track)%00%(upstream:remotename)%00%(upstream:remoteref) refs/heads/hyprland refs/remotes/hyprland [0ms]
2023-11-09 10:46:50.968 [info] > git status -z -uall [628ms]
2023-11-09 10:46:53.965 [info] > git show --textconv :bspwmrc [6ms]
2023-11-09 10:46:53.971 [info] > git ls-files --stage -- /home/duc/dotfiles/bspwmrc [6ms]
2023-11-09 10:46:53.978 [info] > git cat-file -s 565c252cedf4e3de041814d006c7a97fc96b9e9c [2ms]
2023-11-09 10:46:59.192 [info] > git check-ignore -v -z --stdin [18ms]
