2023-10-18 20:35:57.109 [info] Log level: Info
2023-10-18 20:35:57.109 [info] Validating found git in: "git"
2023-10-18 20:35:57.109 [info] Using git "2.42.0" from "git"
2023-10-18 20:35:57.109 [info] > git rev-parse --show-toplevel [4ms]
2023-10-18 20:35:57.109 [info] fatal: not a git repository (or any of the parent directories): .git
2023-10-18 20:35:57.109 [info] > git rev-parse --show-toplevel [27ms]
2023-10-18 20:35:57.109 [info] fatal: not a git repository (or any of the parent directories): .git
2023-10-18 20:35:57.109 [info] > git rev-parse --show-toplevel [0ms]
2023-10-18 20:35:57.109 [info] fatal: not a git repository (or any of the parent directories): .git
2023-10-18 20:35:57.231 [info] > git rev-parse --show-toplevel [0ms]
2023-10-18 20:35:57.231 [info] fatal: not a git repository (or any of the parent directories): .git
2023-10-18 20:36:02.541 [info] > git rev-parse --show-toplevel [1ms]
2023-10-18 20:36:02.541 [info] fatal: not a git repository (or any of the parent directories): .git
2023-10-18 20:37:53.930 [info] > git rev-parse --show-toplevel [3ms]
2023-10-18 20:37:53.930 [info] fatal: not a git repository (or any of the parent directories): .git
2023-10-18 20:38:06.601 [info] > git rev-parse --show-toplevel [1ms]
2023-10-18 20:38:06.601 [info] fatal: not a git repository (or any of the parent directories): .git
2023-10-18 20:38:10.443 [info] > git rev-parse --show-toplevel [0ms]
2023-10-18 20:38:10.443 [info] fatal: not a git repository (or any of the parent directories): .git
2023-10-18 20:40:37.708 [info] > git rev-parse --show-toplevel [1ms]
2023-10-18 20:40:37.708 [info] fatal: not a git repository (or any of the parent directories): .git
